<?xml version="1.0" encoding="UTF-8"?>
<testsuite xmlns:xsi="http://www.w3.org/2001/XMLSchema-instance" xsi:noNamespaceSchemaLocation="https://maven.apache.org/surefire/maven-surefire-plugin/xsd/surefire-test-report-3.0.xsd" version="3.0" name="org.online.bank.OnlineBankApplicationTests" time="1.603" tests="1" errors="0" skipped="0" failures="0">
  <properties>
[...]
</properties>
  <testcase name="contextLoads" classname="org.online.bank.OnlineBankApplicationTests" time="0.523">
    <system-out><![CDATA[01:50:35.951 [main] INFO org.springframework.test.context.support.AnnotationConfigContextLoaderUtils -- Could not detect default configuration classes for test class [org.online.bank.OnlineBankApplicationTests]: OnlineBankApplicationTests does not declare any static, non-private, non-final, nested classes annotated with @Configuration.
01:50:36.001 [main] INFO org.springframework.boot.test.context.SpringBootTestContextBootstrapper -- Found @SpringBootConfiguration org.online.bank.OnlineBankApplication for test class org.online.bank.OnlineBankApplicationTests

  .   ____          _            __ _ _
 /\\ / ___'_ __ _ _(_)_ __  __ _ \ \ \ \
( ( )\___ | '_ | '_| | '_ \/ _` | \ \ \ \
 \\/  ___)| |_)| | | | | || (_| |  ) ) ) )
  '  |____| .__|_| |_|_| |_\__, | / / / /
 =========|_|==============|___/=/_/_/_/
 :: Spring Boot ::                (v3.2.2)

2024-02-07T01:50:36.191+05:30  INFO 19970 --- [           main] o.o.bank.OnlineBankApplicationTests      : Starting OnlineBankApplicationTests using Java 17.0.8 with PID 19970 (started by siddhrthsaini in /Users/siddhrthsaini/IdeaProjects/online-bank)
2024-02-07T01:50:36.192+05:30  INFO 19970 --- [           main] o.o.bank.OnlineBankApplicationTests      : No active profile set, falling back to 1 default profile: "default"
2024-02-07T01:50:36.926+05:30  INFO 19970 --- [           main] o.o.bank.OnlineBankApplicationTests      : Started OnlineBankApplicationTests in 0.857 seconds (process running for 1.384)
]]></system-out>
  </testcase>
</testsuite>